<?xml version="1.0" encoding="UTF-8"?>
<Site BuildName="Linux-g++"
	BuildStamp="20250517-2204-Experimental"
	Name="billingpoc"
	Generator="ctest-3.16.3"
	CompilerName="/usr/bin/g++"
	CompilerVersion="9.4.0"
	OSName="Linux"
	Hostname="billingpoc"
	OSRelease="5.4.0-208-generic"
	OSVersion="#228-Ubuntu SMP Fri Feb 7 19:41:33 UTC 2025"
	OSPlatform="x86_64"
	Is64Bits="1"
	VendorString="GenuineIntel"
	VendorID="Intel Corporation"
	FamilyID="6"
	ModelID="63"
	ProcessorCacheSize="30720"
	NumberOfLogicalCPU="8"
	NumberOfPhysicalCPU="8"
	TotalVirtualMemory="4095"
	TotalPhysicalMemory="15996"
	LogicalProcessorsPerPhysical="1"
	ProcessorClockFrequency="2297.34"
	>
	<Testing>
		<StartDateTime>May 17 23:06 WAT</StartDateTime>
		<StartTestTime>1747519603</StartTestTime>
		<TestList/>
		<EndDateTime>May 17 23:06 WAT</EndDateTime>
		<EndTestTime>1747519603</EndTestTime>
		<ElapsedMinutes>0</ElapsedMinutes>
	</Testing>
</Site>
