<?xml version="1.0" encoding="UTF-8"?>
<Site BuildName="Linux-g++"
	BuildStamp="20240826-0905-Experimental"
	Name="billingpoc"
	Generator="ctest-3.16.3"
	CompilerName="/usr/bin/g++"
	CompilerVersion="9.4.0"
	OSName="Linux"
	Hostname="billingpoc"
	OSRelease="5.4.0-125-generic"
	OSVersion="#141-Ubuntu SMP Wed Aug 10 13:42:03 UTC 2022"
	OSPlatform="x86_64"
	Is64Bits="1"
	VendorString="GenuineIntel"
	VendorID="Intel Corporation"
	FamilyID="6"
	ModelID="63"
	ProcessorCacheSize="30720"
	NumberOfLogicalCPU="8"
	NumberOfPhysicalCPU="8"
	TotalVirtualMemory="4095"
	TotalPhysicalMemory="16008"
	LogicalProcessorsPerPhysical="1"
	ProcessorClockFrequency="2297.34"
	>
	<Testing>
		<StartDateTime>Aug 26 09:05 UTC</StartDateTime>
		<StartTestTime>1724663119</StartTestTime>
		<TestList/>
		<EndDateTime>Aug 26 09:05 UTC</EndDateTime>
		<EndTestTime>1724663119</EndTestTime>
		<ElapsedMinutes>0</ElapsedMinutes>
	</Testing>
</Site>
